<?xml version="1.0" encoding="UTF-8"?>
<testsuite xmlns:xsi="http://www.w3.org/2001/XMLSchema-instance" xsi:noNamespaceSchemaLocation="https://maven.apache.org/surefire/maven-surefire-plugin/xsd/surefire-test-report.xsd" name="com.ramazanakdag.logforjproj.AppTest" time="0.022" tests="1" errors="0" skipped="0" failures="0">
  <properties>
    <property name="java.specification.version" value="20"/>
    <property name="sun.cpu.isalist" value="amd64"/>
    <property name="sun.jnu.encoding" value="Cp1254"/>
    <property name="java.class.path" value="C:\Users\Ramazan Fırat\Documents\NetBeansProjects\logForJproj\target\test-classes;C:\Users\Ramazan Fırat\Documents\NetBeansProjects\logForJproj\target\classes;C:\Users\Ramazan Fırat\.m2\repository\junit\junit\4.11\junit-4.11.jar;C:\Users\Ramazan Fırat\.m2\repository\org\hamcrest\hamcrest-core\1.3\hamcrest-core-1.3.jar;C:\Users\Ramazan Fırat\.m2\repository\org\apache\logging\log4j\log4j-core\3.0.0-alpha1\log4j-core-3.0.0-alpha1.jar;C:\Users\Ramazan Fırat\.m2\repository\org\apache\logging\log4j\log4j-api\3.0.0-alpha1\log4j-api-3.0.0-alpha1.jar;C:\Users\Ramazan Fırat\.m2\repository\org\apache\logging\log4j\log4j-plugins\3.0.0-alpha1\log4j-plugins-3.0.0-alpha1.jar;C:\Users\Ramazan Fırat\.m2\repository\javax\activation\javax.activation-api\1.2.0\javax.activation-api-1.2.0.jar;C:\Users\Ramazan Fırat\.m2\repository\javax\xml\bind\jaxb-api\2.3.1\jaxb-api-2.3.1.jar;C:\Users\Ramazan Fırat\.m2\repository\com\fasterxml\woodstox\woodstox-core\6.5.0\woodstox-core-6.5.0.jar;C:\Users\Ramazan Fırat\.m2\repository\org\codehaus\woodstox\stax2-api\4.2.1\stax2-api-4.2.1.jar;"/>
    <property name="java.vm.vendor" value="Oracle Corporation"/>
    <property name="sun.arch.data.model" value="64"/>
    <property name="user.variant" value=""/>
    <property name="java.vendor.url" value="https://java.oracle.com/"/>
    <property name="user.timezone" value="Europe/Istanbul"/>
    <property name="os.name" value="Windows 10"/>
    <property name="java.vm.specification.version" value="20"/>
    <property name="user.country" value="TR"/>
    <property name="sun.java.launcher" value="SUN_STANDARD"/>
    <property name="sun.boot.library.path" value="D:\languages\java\bin"/>
    <property name="sun.java.command" value="C:\Users\RAMAZA~1\AppData\Local\Temp\surefire16912139849492126032\surefirebooter18103397495560288728.jar C:\Users\Ramazan Fırat\AppData\Local\Temp\surefire16912139849492126032 2023-07-18T17-53-48_518-jvmRun1 surefire13331196753642376494tmp surefire_05971509935441697577tmp"/>
    <property name="jdk.debug" value="release"/>
    <property name="surefire.test.class.path" value="C:\Users\Ramazan Fırat\Documents\NetBeansProjects\logForJproj\target\test-classes;C:\Users\Ramazan Fırat\Documents\NetBeansProjects\logForJproj\target\classes;C:\Users\Ramazan Fırat\.m2\repository\junit\junit\4.11\junit-4.11.jar;C:\Users\Ramazan Fırat\.m2\repository\org\hamcrest\hamcrest-core\1.3\hamcrest-core-1.3.jar;C:\Users\Ramazan Fırat\.m2\repository\org\apache\logging\log4j\log4j-core\3.0.0-alpha1\log4j-core-3.0.0-alpha1.jar;C:\Users\Ramazan Fırat\.m2\repository\org\apache\logging\log4j\log4j-api\3.0.0-alpha1\log4j-api-3.0.0-alpha1.jar;C:\Users\Ramazan Fırat\.m2\repository\org\apache\logging\log4j\log4j-plugins\3.0.0-alpha1\log4j-plugins-3.0.0-alpha1.jar;C:\Users\Ramazan Fırat\.m2\repository\javax\activation\javax.activation-api\1.2.0\javax.activation-api-1.2.0.jar;C:\Users\Ramazan Fırat\.m2\repository\javax\xml\bind\jaxb-api\2.3.1\jaxb-api-2.3.1.jar;C:\Users\Ramazan Fırat\.m2\repository\com\fasterxml\woodstox\woodstox-core\6.5.0\woodstox-core-6.5.0.jar;C:\Users\Ramazan Fırat\.m2\repository\org\codehaus\woodstox\stax2-api\4.2.1\stax2-api-4.2.1.jar;"/>
    <property name="sun.cpu.endian" value="little"/>
    <property name="user.home" value="C:\Users\Ramazan Fırat"/>
    <property name="user.language" value="tr"/>
    <property name="java.specification.vendor" value="Oracle Corporation"/>
    <property name="java.version.date" value="2023-04-18"/>
    <property name="java.home" value="D:\languages\java"/>
    <property name="file.separator" value="\"/>
    <property name="basedir" value="C:\Users\Ramazan Fırat\Documents\NetBeansProjects\logForJproj"/>
    <property name="java.vm.compressedOopsMode" value="Zero based"/>
    <property name="line.separator" value="&#10;"/>
    <property name="java.vm.specification.vendor" value="Oracle Corporation"/>
    <property name="java.specification.name" value="Java Platform API Specification"/>
    <property name="surefire.real.class.path" value="C:\Users\RAMAZA~1\AppData\Local\Temp\surefire16912139849492126032\surefirebooter18103397495560288728.jar"/>
    <property name="user.script" value=""/>
    <property name="sun.management.compiler" value="HotSpot 64-Bit Tiered Compilers"/>
    <property name="java.runtime.version" value="20.0.1+9-29"/>
    <property name="user.name" value="RamazanFirat"/>
    <property name="stdout.encoding" value="Cp1254"/>
    <property name="path.separator" value=";"/>
    <property name="os.version" value="10.0"/>
    <property name="java.runtime.name" value="Java(TM) SE Runtime Environment"/>
    <property name="file.encoding" value="UTF-8"/>
    <property name="java.vm.name" value="Java HotSpot(TM) 64-Bit Server VM"/>
    <property name="maven.ext.class.path" value="D:\netBeans\NetBeans-18\netbeans\java\maven-nblib\netbeans-eventspy.jar"/>
    <property name="localRepository" value="C:\Users\Ramazan Fırat\.m2\repository"/>
    <property name="java.vendor.url.bug" value="https://bugreport.java.com/bugreport/"/>
    <property name="java.io.tmpdir" value="C:\Users\RAMAZA~1\AppData\Local\Temp\"/>
    <property name="java.version" value="20.0.1"/>
    <property name="user.dir" value="C:\Users\Ramazan Fırat\Documents\NetBeansProjects\logForJproj"/>
    <property name="os.arch" value="amd64"/>
    <property name="java.vm.specification.name" value="Java Virtual Machine Specification"/>
    <property name="sun.os.patch.level" value=""/>
    <property name="native.encoding" value="Cp1254"/>
    <property name="java.library.path" value="D:\languages\java\bin;C:\Windows\Sun\Java\bin;C:\Windows\system32;C:\Windows;D:\oracle\ora19c\bin;D:\DATABASES\oraDB\bin;D:\DATABASES\ora19c\bin;D:\oracle\ora21c\dbhomeXE\bin;C:\Python311\Scripts\;C:\Python311\;C:\Program Files\Common Files\Oracle\Java\javapath;C:\Program Files (x86)\Common Files\Oracle\Java\javapath;C:\Windows\system32;C:\Windows;C:\Windows\System32\Wbem;C:\Windows\System32\WindowsPowerShell\v1.0\;C:\Windows\System32\OpenSSH\;C:\min\bin;C:\msys64\mingw64\bin;C:\Users\Ramazan Fırat\AppData\Local\Programs\Microsoft VS Code\bin;C:\Program Files\Git\cmd;D:\languages\java\bin;C:\Program Files\NVIDIA Corporation\NVIDIA NvDLISR;C:\Program Files (x86)\NVIDIA Corporation\PhysX\Common;C:\Program Files\Microsoft SQL Server\Client SDK\ODBC\170\Tools\Binn\;C:\Program Files (x86)\Microsoft SQL Server\150\Tools\Binn\;C:\Program Files\Microsoft SQL Server\150\Tools\Binn\;C:\Program Files\Microsoft SQL Server\150\DTS\Binn\;C:\Program Files\Azure Data Studio\bin;C:\msys64\usr\bin;D:\Program Files (x86)\PICC;D:\Program Files\MongoDB\mongosh\bin;C:\ProgramData\chocolatey\bin;D:\programmerRamoFinallyStarted\web\webDevelopKursHerSey\node\;C:\Program Files\MySQL\MySQL Shell 8.0\bin\;C:\Users\Ramazan Fırat\AppData\Local\Programs\Python\Python39\Scripts\;C:\Users\Ramazan Fırat\AppData\Local\Programs\Python\Python39\;C:\Users\Ramazan Fırat\AppData\Local\Microsoft\WindowsApps;C:\mingw-w64-v9.0.0;C:\min\bin;C:\msys64\mingw64\bin;D:\visual studio code\Microsoft VS Code\bin;D:\languages\java\bin;C:\Program Files\Azure Data Studio\bin;C:\Users\Ramazan Fırat\AppData\Local\GitHubDesktop\bin;C:\Users\Ramazan Fırat\AppData\Roaming\npm;."/>
    <property name="java.vm.info" value="mixed mode, sharing"/>
    <property name="stderr.encoding" value="Cp1254"/>
    <property name="java.vendor" value="Oracle Corporation"/>
    <property name="java.vm.version" value="20.0.1+9-29"/>
    <property name="sun.io.unicode.encoding" value="UnicodeLittle"/>
    <property name="java.class.version" value="64.0"/>
  </properties>
  <testcase name="shouldAnswerWithTrue" classname="com.ramazanakdag.logforjproj.AppTest" time="0.002"/>
</testsuite>